Determining if the function sgemm_ exists failed with the following output:
Change Dir: /VslamOne/VslamOneDeployed/CMakeFiles/CMakeTmp

Run Build Command(s):/usr/bin/make cmTC_742a2/fast && /usr/bin/make -f CMakeFiles/cmTC_742a2.dir/build.make CMakeFiles/cmTC_742a2.dir/build
make[1]: Entering directory '/VslamOne/VslamOneDeployed/CMakeFiles/CMakeTmp'
Building C object CMakeFiles/cmTC_742a2.dir/CheckFunctionExists.c.o
/usr/bin/cc   -DCHECK_FUNCTION_EXISTS=sgemm_   -o CMakeFiles/cmTC_742a2.dir/CheckFunctionExists.c.o   -c /usr/share/cmake-3.16/Modules/CheckFunctionExists.c
Linking C executable cmTC_742a2
/usr/bin/cmake -E cmake_link_script CMakeFiles/cmTC_742a2.dir/link.txt --verbose=1
/usr/bin/cc  -DCHECK_FUNCTION_EXISTS=sgemm_    CMakeFiles/cmTC_742a2.dir/CheckFunctionExists.c.o  -o cmTC_742a2 
/usr/bin/ld: CMakeFiles/cmTC_742a2.dir/CheckFunctionExists.c.o: in function `main':
CheckFunctionExists.c:(.text+0x17): undefined reference to `sgemm_'
clang: error: linker command failed with exit code 1 (use -v to see invocation)
make[1]: *** [CMakeFiles/cmTC_742a2.dir/build.make:87: cmTC_742a2] Error 1
make[1]: Leaving directory '/VslamOne/VslamOneDeployed/CMakeFiles/CMakeTmp'
make: *** [Makefile:121: cmTC_742a2/fast] Error 2



Performing C SOURCE FILE Test CMAKE_HAVE_LIBC_PTHREAD failed with the following output:
Change Dir: /VslamOne/VslamOneDeployed/CMakeFiles/CMakeTmp

Run Build Command(s):/usr/bin/make cmTC_2b618/fast && /usr/bin/make -f CMakeFiles/cmTC_2b618.dir/build.make CMakeFiles/cmTC_2b618.dir/build
make[1]: Entering directory '/VslamOne/VslamOneDeployed/CMakeFiles/CMakeTmp'
Building C object CMakeFiles/cmTC_2b618.dir/src.c.o
/usr/bin/cc   -DCMAKE_HAVE_LIBC_PTHREAD   -o CMakeFiles/cmTC_2b618.dir/src.c.o   -c /VslamOne/VslamOneDeployed/CMakeFiles/CMakeTmp/src.c
Linking C executable cmTC_2b618
/usr/bin/cmake -E cmake_link_script CMakeFiles/cmTC_2b618.dir/link.txt --verbose=1
/usr/bin/cc  -DCMAKE_HAVE_LIBC_PTHREAD    CMakeFiles/cmTC_2b618.dir/src.c.o  -o cmTC_2b618 
/usr/bin/ld: CMakeFiles/cmTC_2b618.dir/src.c.o: in function `main':
src.c:(.text+0x35): undefined reference to `pthread_create'
/usr/bin/ld: src.c:(.text+0x41): undefined reference to `pthread_detach'
/usr/bin/ld: src.c:(.text+0x53): undefined reference to `pthread_join'
clang: error: linker command failed with exit code 1 (use -v to see invocation)
make[1]: *** [CMakeFiles/cmTC_2b618.dir/build.make:87: cmTC_2b618] Error 1
make[1]: Leaving directory '/VslamOne/VslamOneDeployed/CMakeFiles/CMakeTmp'
make: *** [Makefile:121: cmTC_2b618/fast] Error 2


Source file was:
#include <pthread.h>

void* test_func(void* data)
{
  return data;
}

int main(void)
{
  pthread_t thread;
  pthread_create(&thread, NULL, test_func, NULL);
  pthread_detach(thread);
  pthread_join(thread, NULL);
  pthread_atfork(NULL, NULL, NULL);
  pthread_exit(NULL);

  return 0;
}

Determining if the function pthread_create exists in the pthreads failed with the following output:
Change Dir: /VslamOne/VslamOneDeployed/CMakeFiles/CMakeTmp

Run Build Command(s):/usr/bin/make cmTC_23a33/fast && /usr/bin/make -f CMakeFiles/cmTC_23a33.dir/build.make CMakeFiles/cmTC_23a33.dir/build
make[1]: Entering directory '/VslamOne/VslamOneDeployed/CMakeFiles/CMakeTmp'
Building C object CMakeFiles/cmTC_23a33.dir/CheckFunctionExists.c.o
/usr/bin/cc   -DCHECK_FUNCTION_EXISTS=pthread_create   -o CMakeFiles/cmTC_23a33.dir/CheckFunctionExists.c.o   -c /usr/share/cmake-3.16/Modules/CheckFunctionExists.c
Linking C executable cmTC_23a33
/usr/bin/cmake -E cmake_link_script CMakeFiles/cmTC_23a33.dir/link.txt --verbose=1
/usr/bin/cc  -DCHECK_FUNCTION_EXISTS=pthread_create    CMakeFiles/cmTC_23a33.dir/CheckFunctionExists.c.o  -o cmTC_23a33  -lpthreads 
/usr/bin/ld: cannot find -lpthreads
clang: error: linker command failed with exit code 1 (use -v to see invocation)
make[1]: *** [CMakeFiles/cmTC_23a33.dir/build.make:87: cmTC_23a33] Error 1
make[1]: Leaving directory '/VslamOne/VslamOneDeployed/CMakeFiles/CMakeTmp'
make: *** [Makefile:121: cmTC_23a33/fast] Error 2



Determining if the function cheev_ exists failed with the following output:
Change Dir: /VslamOne/VslamOneDeployed/CMakeFiles/CMakeTmp

Run Build Command(s):/usr/bin/make cmTC_2ac36/fast && /usr/bin/make -f CMakeFiles/cmTC_2ac36.dir/build.make CMakeFiles/cmTC_2ac36.dir/build
make[1]: Entering directory '/VslamOne/VslamOneDeployed/CMakeFiles/CMakeTmp'
Building C object CMakeFiles/cmTC_2ac36.dir/CheckFunctionExists.c.o
/usr/bin/cc   -DCHECK_FUNCTION_EXISTS=cheev_   -o CMakeFiles/cmTC_2ac36.dir/CheckFunctionExists.c.o   -c /usr/share/cmake-3.16/Modules/CheckFunctionExists.c
Linking C executable cmTC_2ac36
/usr/bin/cmake -E cmake_link_script CMakeFiles/cmTC_2ac36.dir/link.txt --verbose=1
/usr/bin/cc  -DCHECK_FUNCTION_EXISTS=cheev_    CMakeFiles/cmTC_2ac36.dir/CheckFunctionExists.c.o  -o cmTC_2ac36  /usr/lib/x86_64-linux-gnu/libblas.so 
/usr/bin/ld: CMakeFiles/cmTC_2ac36.dir/CheckFunctionExists.c.o: in function `main':
CheckFunctionExists.c:(.text+0x17): undefined reference to `cheev_'
clang: error: linker command failed with exit code 1 (use -v to see invocation)
make[1]: *** [CMakeFiles/cmTC_2ac36.dir/build.make:88: cmTC_2ac36] Error 1
make[1]: Leaving directory '/VslamOne/VslamOneDeployed/CMakeFiles/CMakeTmp'
make: *** [Makefile:121: cmTC_2ac36/fast] Error 2



